<?xml version="1.0" encoding="utf-8"?><testsuites name="pytest tests"><testsuite name="pytest" errors="0" failures="0" skipped="0" tests="44" time="68.785" timestamp="2026-09-08T02:14:42.914271+00:00" hostname="agent-env-477ebdd4-bfa5-448d-88f5-6987c728fea9"><testcase classname="tests.backend_test.TestIter5Barang" name="test_create_nota_with_barang_persists" time="1.490" /><testcase classname="tests.backend_test.TestIter3Features" name="test_file_via_token_query_returns_200" time="2.200" /><testcase classname="tests.backend_test.TestIter5Barang" name="test_update_nota_updates_barang" time="0.507" /><testcase classname="tests.backend_test.TestIter5Barang" name="test_barang_optional_defaults_empty" time="0.404" /><testcase classname="tests.backend_test.TestIter3Features" name="test_whatsapp_session_endpoint_not_500" time="0.147" /><testcase classname="tests.backend_test.TestIter5Barang" name="test_duplicate_still_by_keterangan_and_no_pp" time="0.162" /><testcase classname="tests.backend_test.TestIter5Barang" name="test_excel_headers_include_barang_at_col5" time="0.673" /><testcase classname="tests.backend_test.TestIter3Features" name="test_whatsapp_session_forbidden_viewer" time="0.550" /><testcase classname="tests.backend_test.TestIter3Features" name="test_send_file_wa_returns_400_when_not_logged_in" time="1.368" /><testcase classname="tests.backend_test.TestAuth" name="test_login_bad" time="0.382" /><testcase classname="tests.backend_test.TestAuth" name="test_me" time="0.123" /><testcase classname="tests.backend_test.TestAuth" name="test_viewer_cannot_create_pt" time="0.504" /><testcase classname="tests.backend_test.TestIter3Features" name="test_dashboard_stats_per_pt_shape" time="0.661" /><testcase classname="tests.backend_test.TestAuth" name="test_operator_cannot_delete_toko" time="0.934" /><testcase classname="tests.backend_test.TestIter4WATemplate" name="test_get_template_shape" time="0.179" /><testcase classname="tests.backend_test.TestNota" name="test_create_and_duplicate_block" time="0.144" /><testcase classname="tests.backend_test.TestNota" name="test_create_calc_and_filter" time="0.446" /><testcase classname="tests.backend_test.TestIter4WATemplate" name="test_put_template_persists_and_used_in_whatsapp" time="1.410" /><testcase classname="tests.backend_test.TestNota" name="test_delete_nota_status_perms" time="0.283" /><testcase classname="tests.backend_test.TestIter6Periode" name="test_update_periode" time="0.622" /><testcase classname="tests.backend_test.TestIter4WATemplate" name="test_put_template_forbidden_for_viewer" time="0.135" /><testcase classname="tests.backend_test.TestIter4WATemplate" name="test_put_template_restore_default" time="0.254" /><testcase classname="tests.backend_test.TestIter6Periode" name="test_archive_toggle_and_active_guard" time="0.833" /><testcase classname="tests.backend_test.TestIter6Backup" name="test_backup_full_crud_admin" time="0.972" /><testcase classname="tests.backend_test.TestIter6Periode" name="test_delete_periode_rules" time="1.254" /><testcase classname="tests.backend_test.TestIter6Backup" name="test_backup_path_traversal_400" time="0.129" /><testcase classname="tests.backend_test.TestIter6Backup" name="test_backup_forbidden_operator_viewer" time="1.161" /><testcase classname="tests.backend_test.TestPT" name="test_defaults_present" time="0.145" /><testcase classname="tests.backend_test.TestPT" name="test_pt_crud" time="0.519" /><testcase classname="tests.backend_test.TestToko" name="test_bank_detect" time="0.667" /><testcase classname="tests.backend_test.TestForceDeleteRegression" name="test_delete_nota_with_pelunasan_requires_force_and_cascades" time="1.002" /><testcase classname="tests.backend_test.TestToko" name="test_toko_crud" time="0.547" /><testcase classname="tests.backend_test.TestIter4SendFailFast" name="test_wa_session_not_falsely_connected" time="0.137" /><testcase classname="tests.backend_test.TestForceDeleteRegression" name="test_delete_belum_lunas_nota_with_pelunasan_blocks_without_force" time="0.127" /><testcase classname="tests.backend_test.TestIter4SendFailFast" name="test_send_file_fails_fast_with_login_keyword" time="49.571" /><testcase classname="tests.backend_test.TestAudit" name="test_audit_records" time="0.137" /><testcase classname="tests.backend_test.TestAudit" name="test_audit_forbidden_for_viewer" time="0.118" /><testcase classname="tests.backend_test.TestPeriode" name="test_create_and_activate_archives_previous" time="49.805" /><testcase classname="tests.backend_test.TestBackup" name="test_backup_admin" time="0.327" /><testcase classname="tests.backend_test.TestBackup" name="test_backup_forbidden_operator" time="0.127" /><testcase classname="tests.backend_test.TestExport" name="test_export_excel_valid" time="0.174" /><testcase classname="tests.backend_test.TestDashboard" name="test_stats_consistent" time="0.287" /><testcase classname="tests.backend_test.TestIter6WASession" name="test_wa_session_fast_response" time="0.651" /><testcase classname="tests.backend_test.TestPelunasan" name="test_pelunasan_upload_and_wa" time="7.292" /></testsuite></testsuites>